<?xml version="1.0" encoding="UTF-8"?>
<testng-results ignored="0" total="2" passed="2" failed="0" skipped="0">
  <reporter-output>
  </reporter-output>
  <suite started-at="2025-11-03T08:32:00 IST" name="Default suite" finished-at="2025-11-03T08:33:12 IST" duration-ms="72162">
    <groups>
      <group name="cucumber">
        <method signature="AbstractTestNGCucumberTests.runScenario(io.cucumber.testng.PickleWrapper,io.cucumber.testng.FeatureWrapper)[pri:0, instance:com.stepdefinition.steprunner$Testrunner@397fbdb]" name="runScenario" class="io.cucumber.testng.AbstractTestNGCucumberTests"/>
      </group> <!-- cucumber -->
    </groups>
    <test started-at="2025-11-03T08:32:00 IST" name="Default test" finished-at="2025-11-03T08:33:12 IST" duration-ms="72162">
      <class name="com.stepdefinition.steprunner$Testrunner">
        <test-method is-config="true" signature="setUpClass(org.testng.ITestContext)[pri:0, instance:com.stepdefinition.steprunner$Testrunner@397fbdb]" started-at="2025-11-03T08:32:00 IST" name="setUpClass" finished-at="2025-11-03T08:32:01 IST" duration-ms="1098" status="PASS">
          <params>
            <param index="0">
              <value>
                <![CDATA[org.testng.TestRunner@1a6dc589]]>
              </value>
            </param>
          </params>
          <reporter-output>
          </reporter-output>
        </test-method> <!-- setUpClass -->
        <test-method signature="runScenario(io.cucumber.testng.PickleWrapper,io.cucumber.testng.FeatureWrapper)[pri:0, instance:com.stepdefinition.steprunner$Testrunner@397fbdb]" started-at="2025-11-03T08:32:01 IST" name="runScenario" description="Runs Cucumber Scenarios" data-provider="scenarios" finished-at="2025-11-03T08:32:54 IST" duration-ms="53029" status="PASS">
          <params>
            <param index="0">
              <value>
                <![CDATA["user searches for samsung galaxy m21"]]>
              </value>
            </param>
            <param index="1">
              <value>
                <![CDATA["User should be able to login"]]>
              </value>
            </param>
          </params>
          <reporter-output>
          </reporter-output>
        </test-method> <!-- runScenario -->
        <test-method signature="runScenario(io.cucumber.testng.PickleWrapper,io.cucumber.testng.FeatureWrapper)[pri:0, instance:com.stepdefinition.steprunner$Testrunner@397fbdb]" started-at="2025-11-03T08:32:54 IST" name="runScenario" description="Runs Cucumber Scenarios" data-provider="scenarios" finished-at="2025-11-03T08:33:12 IST" duration-ms="17879" status="PASS">
          <params>
            <param index="0">
              <value>
                <![CDATA["user is checking elements in cart"]]>
              </value>
            </param>
            <param index="1">
              <value>
                <![CDATA["User should be able to login"]]>
              </value>
            </param>
          </params>
          <reporter-output>
          </reporter-output>
        </test-method> <!-- runScenario -->
        <test-method is-config="true" signature="tearDownClass()[pri:0, instance:com.stepdefinition.steprunner$Testrunner@397fbdb]" started-at="2025-11-03T08:33:12 IST" name="tearDownClass" finished-at="2025-11-03T08:33:12 IST" duration-ms="32" status="PASS">
          <reporter-output>
          </reporter-output>
        </test-method> <!-- tearDownClass -->
      </class> <!-- com.stepdefinition.steprunner$Testrunner -->
    </test> <!-- Default test -->
  </suite> <!-- Default suite -->
</testng-results>
