<?xml version="1.0" encoding="UTF-8"?>
<testng-results ignored="0" total="2" passed="2" failed="0" skipped="0">
  <reporter-output>
  </reporter-output>
  <suite started-at="2025-11-24T08:53:47 IST" name="Default suite" finished-at="2025-11-24T08:54:30 IST" duration-ms="42708">
    <groups>
      <group name="cucumber">
        <method signature="AbstractTestNGCucumberTests.runScenario(io.cucumber.testng.PickleWrapper,io.cucumber.testng.FeatureWrapper)[pri:0, instance:com.stepdefinition.steprunner@445b295b]" name="runScenario" class="io.cucumber.testng.AbstractTestNGCucumberTests"/>
      </group> <!-- cucumber -->
    </groups>
    <test started-at="2025-11-24T08:53:47 IST" name="Default test" finished-at="2025-11-24T08:54:30 IST" duration-ms="42708">
      <class name="com.stepdefinition.steprunner">
        <test-method is-config="true" signature="setUp()[pri:0, instance:com.stepdefinition.steprunner@445b295b]" started-at="2025-11-24T08:53:43 IST" name="setUp" finished-at="2025-11-24T08:53:47 IST" duration-ms="3888" status="PASS">
          <reporter-output>
          </reporter-output>
        </test-method> <!-- setUp -->
        <test-method is-config="true" signature="setUpClass(org.testng.ITestContext)[pri:0, instance:com.stepdefinition.steprunner@445b295b]" started-at="2025-11-24T08:53:47 IST" name="setUpClass" finished-at="2025-11-24T08:53:48 IST" duration-ms="1165" status="PASS">
          <params>
            <param index="0">
              <value>
                <![CDATA[org.testng.TestRunner@58867cd5]]>
              </value>
            </param>
          </params>
          <reporter-output>
          </reporter-output>
        </test-method> <!-- setUpClass -->
        <test-method signature="runScenario(io.cucumber.testng.PickleWrapper,io.cucumber.testng.FeatureWrapper)[pri:0, instance:com.stepdefinition.steprunner@445b295b]" started-at="2025-11-24T08:53:48 IST" name="runScenario" description="Runs Cucumber Scenarios" data-provider="scenarios" finished-at="2025-11-24T08:54:07 IST" duration-ms="18507" status="PASS">
          <params>
            <param index="0">
              <value>
                <![CDATA["user enters credentials to login"]]>
              </value>
            </param>
            <param index="1">
              <value>
                <![CDATA["User should be able to login"]]>
              </value>
            </param>
          </params>
          <reporter-output>
          </reporter-output>
        </test-method> <!-- runScenario -->
        <test-method signature="runScenario(io.cucumber.testng.PickleWrapper,io.cucumber.testng.FeatureWrapper)[pri:0, instance:com.stepdefinition.steprunner@445b295b]" started-at="2025-11-24T08:54:07 IST" name="runScenario" description="Runs Cucumber Scenarios" data-provider="scenarios" finished-at="2025-11-24T08:54:30 IST" duration-ms="22932" status="PASS">
          <params>
            <param index="0">
              <value>
                <![CDATA["user checks the fashion deals"]]>
              </value>
            </param>
            <param index="1">
              <value>
                <![CDATA["User should be able to login"]]>
              </value>
            </param>
          </params>
          <reporter-output>
          </reporter-output>
        </test-method> <!-- runScenario -->
        <test-method is-config="true" signature="tearDownClass()[pri:0, instance:com.stepdefinition.steprunner@445b295b]" started-at="2025-11-24T08:54:30 IST" name="tearDownClass" finished-at="2025-11-24T08:54:30 IST" duration-ms="30" status="PASS">
          <reporter-output>
          </reporter-output>
        </test-method> <!-- tearDownClass -->
        <test-method is-config="true" signature="tearDown()[pri:0, instance:com.stepdefinition.steprunner@445b295b]" started-at="2025-11-24T08:54:30 IST" name="tearDown" finished-at="2025-11-24T08:54:30 IST" duration-ms="375" status="PASS">
          <reporter-output>
          </reporter-output>
        </test-method> <!-- tearDown -->
      </class> <!-- com.stepdefinition.steprunner -->
    </test> <!-- Default test -->
  </suite> <!-- Default suite -->
</testng-results>
