<?xml version="1.0" encoding="UTF-8"?>
<!-- Generated by org.testng.reporters.JUnitReportReporter -->
<testsuite hostname="DESKTOP-HAIIK4K" failures="0" tests="2" name="com.stepdefinition.steprunner$Testrunner" time="73.789" errors="0" timestamp="2025-11-04T07:46:44 IST" skipped="0">
  <testcase classname="com.stepdefinition.steprunner$Testrunner" name="runScenario" time="55.570"/>
  <testcase classname="com.stepdefinition.steprunner$Testrunner" name="runScenario" time="18.219"/>
</testsuite> <!-- com.stepdefinition.steprunner$Testrunner -->
