<?xml version="1.0" encoding="UTF-8"?>
<!-- Generated by org.testng.reporters.JUnitReportReporter -->
<testsuite hostname="DESKTOP-HAIIK4K" failures="0" tests="2" name="com.stepdefinition.steprunner" time="41.439" errors="0" timestamp="2025-11-24T08:54:30 IST" skipped="0">
  <testcase classname="com.stepdefinition.steprunner" name="runScenario" time="18.507"/>
  <testcase classname="com.stepdefinition.steprunner" name="runScenario" time="22.932"/>
</testsuite> <!-- com.stepdefinition.steprunner -->
