<?xml version="1.0" encoding="UTF-8"?>
<!-- Generated by org.testng.reporters.JUnitReportReporter -->
<testsuite hostname="DESKTOP-HAIIK4K" failures="0" tests="2" name="com.stepdefinition.steprunner$Testrunner" time="70.908" errors="0" timestamp="2025-11-03T08:33:13 IST" skipped="0">
  <testcase classname="com.stepdefinition.steprunner$Testrunner" name="runScenario" time="53.029"/>
  <testcase classname="com.stepdefinition.steprunner$Testrunner" name="runScenario" time="17.879"/>
</testsuite> <!-- com.stepdefinition.steprunner$Testrunner -->
